This file contains any messages produced by compilers while
running configure, to aid debugging if configure makes a mistake.

It was created by configure, which was
generated by GNU Autoconf 2.52.  Invocation command line was

  $ ./configure --no-create --no-recursion

## ---------- ##
## Platform.  ##
## ---------- ##

hostname = PORFAB
uname -m = i686
uname -r = 1.3.10(0.51/3/2)
uname -s = CYGWIN_NT-5.1
uname -v = 2002-02-25 11:14

/usr/bin/uname -p = unknown
/bin/uname -X     = unknown

/bin/arch              = unknown
/usr/bin/arch -k       = unknown
/usr/convex/getsysinfo = unknown
hostinfo               = unknown
/bin/machine           = unknown
/usr/bin/oslevel       = unknown
/bin/universe          = unknown

PATH = /usr/local/bin:/usr/bin:/bin:/cygdrive/c/WINDOWS/system32:/cygdrive/c/WINDOWS:/cygdrive/c/WINDOWS/System32/Wbem

## ------------ ##
## Core tests.  ##
## ------------ ##

configure:949: PATH=".;."; conftest.sh
conftest.sh: not found
configure:952: $? = 127
configure:998: checking for a BSD compatible install
configure:1047: result: /usr/bin/install -c
configure:1058: checking whether build environment is sane
configure:1101: result: yes
configure:1133: checking for mawk
configure:1159: result: no
configure:1133: checking for gawk
configure:1148: found /usr/bin/gawk
configure:1156: result: gawk
configure:1166: checking whether make sets ${MAKE}
configure:1186: result: yes
configure:1270: checking build system type
configure:1288: result: i686-pc-cygwin
configure:1295: checking host system type
configure:1309: result: i686-pc-cygwin
configure:1316: checking target system type
configure:1330: result: i686-pc-cygwin
configure:1387: checking for gcc
configure:1402: found /usr/bin/gcc
configure:1410: result: gcc
configure:1638: checking for C compiler version
configure:1641: gcc --version </dev/null >&5
2.95.3-5
configure:1644: $? = 0
configure:1646: gcc -v </dev/null >&5
Reading specs from /usr/lib/gcc-lib/i686-pc-cygwin/2.95.3-5/specs
gcc version 2.95.3-5 (cygwin special)
configure:1649: $? = 0
configure:1651: gcc -V </dev/null >&5
gcc: argument to `-V' is missing
configure:1654: $? = 1
configure:1674: checking for C compiler default output
configure:1677: gcc    conftest.c  >&5
configure:1680: $? = 0
configure:1709: result: a.exe
configure:1714: checking whether the C compiler works
configure:1720: ./a.exe
configure:1723: $? = 0
configure:1738: result: yes
configure:1745: checking whether we are cross compiling
configure:1747: result: no
configure:1750: checking for executable suffix
configure:1752: gcc -o conftest.exe    conftest.c  >&5
configure:1755: $? = 0
configure:1777: result: .exe
configure:1783: checking for object suffix
configure:1801: gcc -c   conftest.c >&5
configure:1804: $? = 0
configure:1823: result: o
configure:1827: checking whether we are using the GNU C compiler
configure:1848: gcc -c   conftest.c >&5
configure:1851: $? = 0
configure:1854: test -s conftest.o
configure:1857: $? = 0
configure:1869: result: yes
configure:1875: checking whether gcc accepts -g
configure:1893: gcc -c -g  conftest.c >&5
configure:1896: $? = 0
configure:1899: test -s conftest.o
configure:1902: $? = 0
configure:1912: result: yes
configure:1939: gcc -c -g -O2  conftest.c >&5
conftest.c:2: parse error before `me'
configure:1942: $? = 1
configure: failed program was:
#ifndef __cplusplus
  choke me
#endif
configure:2047: checking for style of include used by make
configure:2074: result: GNU
configure:2080: checking dependency style of gcc
configure:2142: result: gcc
configure:2195: checking for g++
configure:2210: found /usr/bin/g++
configure:2218: result: g++
configure:2233: checking for C++ compiler version
configure:2236: g++ --version </dev/null >&5
2.95.3-5
configure:2239: $? = 0
configure:2241: g++ -v </dev/null >&5
Reading specs from /usr/lib/gcc-lib/i686-pc-cygwin/2.95.3-5/specs
gcc version 2.95.3-5 (cygwin special)
configure:2244: $? = 0
configure:2246: g++ -V </dev/null >&5
g++: argument to `-V' missing

configure:2249: $? = 1
configure:2252: checking whether we are using the GNU C++ compiler
configure:2273: g++ -c   conftest.cc >&5
configure:2276: $? = 0
configure:2279: test -s conftest.o
configure:2282: $? = 0
configure:2294: result: yes
configure:2300: checking whether g++ accepts -g
configure:2318: g++ -c -g  conftest.cc >&5
configure:2321: $? = 0
configure:2324: test -s conftest.o
configure:2327: $? = 0
configure:2337: result: yes
configure:2377: g++ -c -g -O2  conftest.cc >&5
configure:2380: $? = 0
configure:2383: test -s conftest.o
configure:2386: $? = 0
configure:2408: g++ -c -g -O2  conftest.cc >&5
configure:2411: $? = 0
configure:2414: test -s conftest.o
configure:2417: $? = 0
configure:2441: checking dependency style of g++
configure:2503: result: gcc
configure:2515: checking how to run the C preprocessor
configure:2541: gcc -E  conftest.c
configure:2547: $? = 0
configure:2574: gcc -E  conftest.c
configure:2571: ac_nonexistent.h: No such file or directory
configure:2580: $? = 1
configure: failed program was:
#line 2570 "configure"
#include "confdefs.h"
#include <ac_nonexistent.h>
configure:2617: result: gcc -E
configure:2632: gcc -E  conftest.c
configure:2638: $? = 0
configure:2665: gcc -E  conftest.c
configure:2662: ac_nonexistent.h: No such file or directory
configure:2671: $? = 1
configure: failed program was:
#line 2661 "configure"
#include "confdefs.h"
#include <ac_nonexistent.h>
configure:2715: checking how to run the C++ preprocessor
configure:2737: g++ -E  conftest.cc
configure:2743: $? = 0
configure:2770: g++ -E  conftest.cc
configure:2767: ac_nonexistent.h: No such file or directory
configure:2776: $? = 1
configure: failed program was:
#line 2766 "configure"
#include "confdefs.h"
#include <ac_nonexistent.h>
configure:2813: result: g++ -E
configure:2828: g++ -E  conftest.cc
configure:2834: $? = 0
configure:2861: g++ -E  conftest.cc
configure:2858: ac_nonexistent.h: No such file or directory
configure:2867: $? = 1
configure: failed program was:
#line 2857 "configure"
#include "confdefs.h"
#include <ac_nonexistent.h>
configure:2918: checking for a BSD compatible install
configure:2967: result: /usr/bin/install -c
configure:3016: checking for ranlib
configure:3031: found /usr/bin/ranlib
configure:3040: result: ranlib
configure:3052: checking for X
configure:3153: gcc -E  conftest.c
configure:3150: X11/Intrinsic.h: No such file or directory
configure:3159: $? = 1
configure: failed program was:
#line 3149 "configure"
#include "confdefs.h"
#include <X11/Intrinsic.h>
configure:3204: gcc -o conftest.exe -Wall -O3 -ffast-math -fexpensive-optimizations   conftest.c -lXt  >&5
configure:3193: X11/Intrinsic.h: No such file or directory
configure:3207: $? = 1
configure: failed program was:
#line 3192 "configure"
#include "confdefs.h"
#include <X11/Intrinsic.h>
int
main ()
{
XtMalloc (0)
  ;
  return 0;
}
configure:3251: result: no
configure:4128: checking whether byte ordering is bigendian
configure:4153: gcc -c -Wall -O3 -ffast-math -fexpensive-optimizations  conftest.c >&5
configure:4156: $? = 0
configure:4159: test -s conftest.o
configure:4162: $? = 0
configure:4183: gcc -c -Wall -O3 -ffast-math -fexpensive-optimizations  conftest.c >&5
configure: In function `main':
configure:4174: `not' undeclared (first use in this function)
configure:4174: (Each undeclared identifier is reported only once
configure:4174: for each function it appears in.)
configure:4174: parse error before `big'
configure:4186: $? = 1
configure: failed program was:
#line 4166 "configure"
#include "confdefs.h"
#include <sys/types.h>
#include <sys/param.h>

int
main ()
{
#if BYTE_ORDER != BIG_ENDIAN
 not big endian
#endif

  ;
  return 0;
}
configure:4250: result: no
configure:4260: checking for byteswap.h
configure:4270: gcc -E  conftest.c
configure:4267: byteswap.h: No such file or directory
configure:4276: $? = 1
configure: failed program was:
#line 4266 "configure"
#include "confdefs.h"
#include <byteswap.h>
configure:4295: result: no
configure:4444: checking for GL/gl.h
configure:4454: gcc -E  conftest.c
configure:4460: $? = 0
configure:4479: result: yes
configure:4489: checking for GL/glu.h
configure:4499: gcc -E  conftest.c
configure:4505: $? = 0
configure:4524: result: yes
configure:4534: checking for GL/glut.h
configure:4544: gcc -E  conftest.c
configure:4550: $? = 0
configure:4569: result: yes
configure:5033: checking for toupper
configure:5070: gcc -o conftest.exe -Wall -O3 -ffast-math -fexpensive-optimizations   conftest.c   -lopengl32 -lglu32 -lglut32 >&5
configure:5073: $? = 0
configure:5076: test -s conftest.exe
configure:5079: $? = 0
configure:5089: result: yes
configure:5033: checking for strcasecmp
configure:5070: gcc -o conftest.exe -Wall -O3 -ffast-math -fexpensive-optimizations   conftest.c   -lopengl32 -lglu32 -lglut32 >&5
configure:5073: $? = 0
configure:5076: test -s conftest.exe
configure:5079: $? = 0
configure:5089: result: yes
configure:5033: checking for strdup
configure:5070: gcc -o conftest.exe -Wall -O3 -ffast-math -fexpensive-optimizations   conftest.c   -lopengl32 -lglu32 -lglut32 >&5
configure:5073: $? = 0
configure:5076: test -s conftest.exe
configure:5079: $? = 0
configure:5089: result: yes
configure:5099: checking for fabs in -lm
configure:5126: gcc -o conftest.exe -Wall -O3 -ffast-math -fexpensive-optimizations   conftest.c -lm    -lopengl32 -lglu32 -lglut32 >&5
configure:5115: warning: conflicting types for built-in function `fabs'
configure:5129: $? = 0
configure:5132: test -s conftest.exe
configure:5135: $? = 0
configure:5146: result: yes
configure:5273: creating ./config.status

## ----------------- ##
## Cache variables.  ##
## ----------------- ##

am_cv_CC_dependencies_compiler_type='gcc'
ac_cv_prog_CXXCPP='g++ -E'
ac_cv_env_CXXFLAGS_value=''
ac_cv_c_bigendian='no'
ac_cv_prog_cc_g='yes'
ac_cv_env_CXXCPP_set=''
ac_cv_env_LDFLAGS_set=''
ac_cv_header_byteswap_h='no'
ac_cv_c_compiler_gnu='yes'
ac_cv_exeext='.exe'
ac_cv_path_install='/usr/bin/install -c'
ac_cv_env_CFLAGS_set=''
ac_cv_header_GL_glut_h='yes'
ac_cv_header_GL_glu_h='yes'
ac_cv_header_GL_gl_h='yes'
ac_cv_env_CPP_value=''
ac_cv_env_CPPFLAGS_set=''
ac_cv_func_strcasecmp='yes'
ac_cv_cxx_compiler_gnu='yes'
ac_cv_env_CXX_set=''
ac_cv_env_host_alias_set=''
ac_cv_env_build_alias_set=''
ac_cv_lib_m_fabs='yes'
ac_cv_env_CXXCPP_value=''
ac_cv_env_LDFLAGS_value=''
ac_cv_env_target_alias_set=''
ac_cv_host_alias='i686-pc-cygwin'
ac_cv_env_CFLAGS_value=''
ac_cv_env_CC_set=''
ac_cv_have_x='have_x=no'
ac_cv_prog_make_make_set='yes'
ac_cv_prog_ac_ct_CXX='g++'
ac_cv_build_alias='i686-pc-cygwin'
ac_cv_env_CPPFLAGS_value=''
ac_cv_prog_ac_ct_RANLIB='ranlib'
ac_cv_target_alias='i686-pc-cygwin'
ac_cv_env_CXXFLAGS_set=''
ac_cv_env_CXX_value=''
ac_cv_host='i686-pc-cygwin'
ac_cv_env_host_alias_value=''
ac_cv_func_toupper='yes'
ac_cv_prog_cxx_g='yes'
ac_cv_prog_CPP='gcc -E'
am_cv_CXX_dependencies_compiler_type='gcc'
ac_cv_build='i686-pc-cygwin'
ac_cv_prog_AWK='gawk'
ac_cv_env_build_alias_value=''
ac_cv_prog_ac_ct_CC='gcc'
ac_cv_target='i686-pc-cygwin'
ac_cv_env_target_alias_value=''
ac_cv_env_CC_value=''
ac_cv_env_CPP_set=''
ac_cv_func_strdup='yes'
ac_cv_objext='o'

## ------------ ##
## confdefs.h.  ##
## ------------ ##

#define PACKAGE "stellarium"
#define VERSION "0.4.9"
#define X_DISPLAY_MISSING 1
#define HAVE_TOUPPER 1
#define HAVE_STRCASECMP 1
#define HAVE_STRDUP 1
#define CONFIG_DATA_DIR "/usr/local/share/stellarium"


configure: exit 0

## ----------------------- ##
## Running config.status.  ##
## ----------------------- ##

This file was extended by config.status 2.52, executed with
  CONFIG_FILES    = 
  CONFIG_HEADERS  = 
  CONFIG_LINKS    = 
  CONFIG_COMMANDS = 
  > ./config.status Makefile
on PORFAB

config.status:5764: creating Makefile

## ----------------------- ##
## Running config.status.  ##
## ----------------------- ##

This file was extended by config.status 2.52, executed with
  CONFIG_FILES    = 
  CONFIG_HEADERS  = 
  CONFIG_LINKS    = 
  CONFIG_COMMANDS = 
  > ./config.status config/Makefile
on PORFAB

config.status:5764: creating config/Makefile

## ----------------------- ##
## Running config.status.  ##
## ----------------------- ##

This file was extended by config.status 2.52, executed with
  CONFIG_FILES    = 
  CONFIG_HEADERS  = 
  CONFIG_LINKS    = 
  CONFIG_COMMANDS = 
  > ./config.status data/Makefile
on PORFAB

config.status:5764: creating data/Makefile

## ----------------------- ##
## Running config.status.  ##
## ----------------------- ##

This file was extended by config.status 2.52, executed with
  CONFIG_FILES    = 
  CONFIG_HEADERS  = 
  CONFIG_LINKS    = 
  CONFIG_COMMANDS = 
  > ./config.status src/Makefile
on PORFAB

config.status:5764: creating src/Makefile

## ----------------------- ##
## Running config.status.  ##
## ----------------------- ##

This file was extended by config.status 2.52, executed with
  CONFIG_FILES    = 
  CONFIG_HEADERS  = 
  CONFIG_LINKS    = 
  CONFIG_COMMANDS = 
  > ./config.status src/glpng/Makefile
on PORFAB

config.status:5764: creating src/glpng/Makefile

## ----------------------- ##
## Running config.status.  ##
## ----------------------- ##

This file was extended by config.status 2.52, executed with
  CONFIG_FILES    = 
  CONFIG_HEADERS  = 
  CONFIG_LINKS    = 
  CONFIG_COMMANDS = 
  > ./config.status src/astrolib/Makefile
on PORFAB

config.status:5764: creating src/astrolib/Makefile

## ----------------------- ##
## Running config.status.  ##
## ----------------------- ##

This file was extended by config.status 2.52, executed with
  CONFIG_FILES    = 
  CONFIG_HEADERS  = 
  CONFIG_LINKS    = 
  CONFIG_COMMANDS = 
  > ./config.status textures/Makefile
on PORFAB

config.status:5764: creating textures/Makefile

## ----------------------- ##
## Running config.status.  ##
## ----------------------- ##

This file was extended by config.status 2.52, executed with
  CONFIG_FILES    = 
  CONFIG_HEADERS  = 
  CONFIG_LINKS    = 
  CONFIG_COMMANDS = 
  > ./config.status textures/landscapes/Makefile
on PORFAB

config.status:5764: creating textures/landscapes/Makefile
